<?xml version="1.0" encoding="UTF-8"?>
<coverage generated="1564688587962" clover="3.2.0">
  <project timestamp="1564688587962" name="All files">
    <metrics statements="16" coveredstatements="15" conditionals="2" coveredconditionals="1" methods="6" coveredmethods="6" elements="24" coveredelements="22" complexity="0" loc="16" ncloc="16" packages="1" files="1" classes="1"/>
    <file name="bloc.js" path="/Users/ovidiocalvet/Projects/github.com/ocalvet/blocjs/lib/bloc.js">
      <metrics statements="16" coveredstatements="15" conditionals="2" coveredconditionals="1" methods="6" coveredmethods="6"/>
      <line num="5" count="4" type="stmt"/>
      <line num="6" count="4" type="stmt"/>
      <line num="7" count="4" type="stmt"/>
      <line num="8" count="4" type="stmt"/>
      <line num="9" count="1" type="cond" truecount="1" falsecount="1"/>
      <line num="10" count="1" type="stmt"/>
      <line num="11" count="1" type="stmt"/>
      <line num="12" count="0" type="stmt"/>
      <line num="16" count="4" type="stmt"/>
      <line num="17" count="4" type="stmt"/>
      <line num="22" count="4" type="stmt"/>
      <line num="26" count="1" type="stmt"/>
      <line num="30" count="1" type="stmt"/>
      <line num="31" count="1" type="stmt"/>
      <line num="32" count="1" type="stmt"/>
      <line num="33" count="1" type="stmt"/>
    </file>
  </project>
</coverage>
